Scenario - Overt picture naming practice
Logfile written - 06/21/2023 12:44:59

Subject	Trial	Event Type	Code	trial_boolean(num)	condition_code(num)	condition_label(str)	Time	TTime	Uncertainty	Duration	Uncertainty	ReqTime	ReqDur	Stim Type	Pair Index

20284	1	Response	0				87231	87071	1
20284	2	Response	0				127071	39743	1
20284	3	Picture	0;111;blockstart	0	111	blockstart	127162	0	7	1500	7	0	next	other	0
20284	5	Picture	1 ;101;pic;practice//pictures//belt.jpg	1 	101	pic	133995	167	7	26167	7	0	next	other	0
20284	7	Picture	2 ;101;pic;practice//pictures//mirror.jpeg	2 	101	pic	165495	167	7	25334	7	0	next	other	0
20284	9	Picture	3 ;101;pic;practice//pictures//earplug.jpeg	3 	101	pic	196162	167	7	26833	7	0	next	other	0
20284	11	Picture	4 ;101;pic;practice//pictures//pool.jpg	4 	101	pic	228329	167	7	27834	7	0	next	other	0
20284	13	Picture	5 ;101;pic;practice//pictures//bubble.jpeg	5 	101	pic	261496	167	7	25333	7	0	next	other	0
20284	15	Picture	6 ;101;pic;practice//pictures//tank.jpg	6 	101	pic	292163	167	7	25000	13	0	next	other	0
20284	16	Picture	0;222;blockend	0	222	blockend	317163	0	7	167	7	0	next	other	0
20284	17	Response	0				400184	82855	1


{
   "app": "Presentation Version 23.1 Build 09.29.22",
   "device": "Dell Inc. Precision WorkStation T3500",
   "experiment": "{144CC566-EE69-44D3-97D2-4A226C0AD419}",
   "os": "Windows 7 64 bit",
   "package": "",
   "parameters": {
      "configuration": "Default configuration"
   },
   "scenario": "practice_run.sce",
   "subject": "20284",
   "timestamp": "2023/06/21 16:44:12 GMT"
}
